#-----------------------------------------------------------
# Vivado v2018.3 (64-bit)
# SW Build 2405991 on Thu Dec  6 23:38:27 MST 2018
# IP Build 2404404 on Fri Dec  7 01:43:56 MST 2018
# Start of session at: Wed Apr 12 18:20:59 2023
# Process ID: 22368
# Current directory: D:/OV7670-master_compress_snapshot0327E2/OV7670-master_compress/OV7670-master/OV7670-master/OV7670
# Command line: vivado.exe -gui_launcher_event rodinguilauncherevent21280 D:\OV7670-master_compress_snapshot0327E2\OV7670-master_compress\OV7670-master\OV7670-master\OV7670\ov7670.xpr
# Log file: D:/OV7670-master_compress_snapshot0327E2/OV7670-master_compress/OV7670-master/OV7670-master/OV7670/vivado.log
# Journal file: D:/OV7670-master_compress_snapshot0327E2/OV7670-master_compress/OV7670-master/OV7670-master/OV7670\vivado.jou
#-----------------------------------------------------------
start_gui
open_project D:/OV7670-master_compress_snapshot0327E2/OV7670-master_compress/OV7670-master/OV7670-master/OV7670/ov7670.xpr
INFO: [ProjectBase 1-489] The host OS only allows 260 characters in a normal path. The project is stored in a path with more than 80 characters. If you experience issues with IP, Block Designs, or files not being found, please consider moving the project to a location with a shorter path. Alternately consider using the OS subst command to map part of the path to a drive letter.
Current project path is 'D:/OV7670-master_compress_snapshot0327E2/OV7670-master_compress/OV7670-master/OV7670-master/OV7670'
CRITICAL WARNING: [Project 1-19] Could not find the file 'D:/OV7670-master_compress_snapshot0327E2/OV7670-master_compress/OV7670-master/OV7670-master/OV7670/ov7670.srcs/sim_2/new/test_camera.v'.
CRITICAL WARNING: [Project 1-19] Could not find the file 'D:/OV7670-master_compress_snapshot0327E2/OV7670-master_compress/OV7670-master/OV7670-master/OV7670/ov7670.srcs/sim_2/new/testbench.v'.
Scanning sources...
Finished scanning sources
WARNING: [filemgmt 56-3] IP Repository Path: Could not find the directory 'D:/My_IP2'.
INFO: [IP_Flow 19-234] Refreshing IP repositories
WARNING: [IP_Flow 19-2248] Failed to load user IP repository 'd:/My_IP2'; Can't find the specified path.
If this directory should no longer be in your list of user repositories, go to the IP Settings dialog and remove it.
INFO: [IP_Flow 19-1700] Loaded user IP repository 'd:/Pulse-Width-Modulation-IP-master'.
INFO: [IP_Flow 19-2313] Loaded Vivado IP repository 'D:/7788/VIVADO/Vivado/2018.3/data/ip'.
open_project: Time (s): cpu = 00:00:34 ; elapsed = 00:00:22 . Memory (MB): peak = 822.566 ; gain = 198.945
WARNING: [HDL 9-3756] overwriting previous definition of module 'design_1' [D:/OV7670-master_compress_snapshot0327E2/OV7670-master_compress/OV7670-master/OV7670-master/OV7670/ov7670.srcs/sources_1/bd/design_1/sim/design_1.v:13]
WAWARNING: [HDL 9-3756] overwriting previous definition of module 'design_1' [D:/OV7670-master_compress_snapshot0327E2/OV7670-master_compress/OV7670-master/OV7670-master/OV7670/ov7670.srcs/sources_1/bd/design_1/sim/design_1.v:13]
WARNING: [HDL 9-3756] overwriting previous definition of module 'design_1' [D:/OV7670-master_compress_snapshot0327E2/OV7670-master_compress/OV7670-master/OV7670-master/OV7670/ov7670.srcs/sources_1/bd/design_1/synth/design_1.v:13]
WARNING: [HDL 9-3756] overwriting previous definition of module 'design_1' [D:/OV7670-master_compress_snapshot0327E2/OV7670-master_compress/OV7670-master/OV7670-master/OV7670/ov7670.srcs/sources_1/bd/design_1/sim/design_1.v:13]
WARNING: [HDL 9-3756] overwriting previous definition of module 'design_1' [D:/OV7670-master_compress_snapshot0327E2/OV7670-master_compress/OV7670-master/OV7670-master/OV7670/ov7670.srcs/sources_1/bd/design_1/sim/design_1.v:13]
update_compile_order -fileset sources_1
open_bd_design {D:/OV7670-master_compress_snapshot0327E2/OV7670-master_compress/OV7670-master/OV7670-master/OV7670/ov7670.srcs/sources_1/bd/design_1/design_1.bd}
Adding cell -- xilinx.com:module_ref:camera_controller:1.0 - camera_controller_0
Adding cell -- xilinx.com:ip:blk_mem_gen:8.4 - lower_vbuffer
Adding cell -- xilinx.com:ip:microblaze:11.0 - microblaze_0
Adding cell -- xilinx.com:ip:lmb_v10:3.0 - dlmb_v10
Adding cell -- xilinx.com:ip:lmb_v10:3.0 - ilmb_v10
Adding cell -- xilinx.com:ip:lmb_bram_if_cntlr:4.0 - dlmb_bram_if_cntlr
Adding cell -- xilinx.com:ip:lmb_bram_if_cntlr:4.0 - ilmb_bram_if_cntlr
Adding cell -- xilinx.com:ip:blk_mem_gen:8.4 - lmb_bram
Adding cell -- xilinx.com:ip:axi_interconnect:2.1 - microblaze_0_axi_periph
Adding cell -- xilinx.com:ip:axi_crossbar:2.1 - xbar
Adding cell -- xilinx.com:ip:axi_intc:4.1 - microblaze_0_axi_intc
Adding cell -- xilinx.com:ip:xlconcat:2.1 - microblaze_0_xlconcat
Adding cell -- xilinx.com:ip:mdm:3.2 - mdm_1
Adding cell -- xilinx.com:ip:axi_uartlite:2.0 - axi_uartlite_0
Adding cell -- xilinx.com:ip:axi_uartlite:2.0 - axi_uartlite_bt
Adding cell -- xilinx.com:ip:clk_wiz:6.0 - clk_wiz_0
Adding cell -- xilinx.com:ip:clk_wiz:6.0 - microblaze_0_clk_wiz_1
Adding cell -- xilinx.com:ip:proc_sys_reset:5.0 - rst_microblaze_0_clk_wiz_1_100M
Adding cell -- xilinx.com:module_ref:counter:1.0 - counter_0
Adding cell -- xilinx.com:ip:axi_bram_ctrl:4.1 - axi_bram_ctrl_0
Adding cell -- xilinx.com:ip:axi_gpio:2.0 - axi_gpio_button
Adding cell -- xilinx.com:ip:xlconstant:1.1 - xlconstant_0
Adding cell -- xilinx.com:ip:xlconcat:2.1 - xlconcat_0
Adding cell -- xilinx.com:ip:xlconstant:1.1 - xlconstant_2
Adding cell -- xilinx.com:ip:xlconcat:2.1 - xlconcat_1
Adding cell -- xilinx.com:ip:xlconstant:1.1 - xlconstant_3
Adding cell -- xilinx.com:ip:xlconcat:2.1 - xlconcat_2
Adding cell -- xilinx.com:ip:xlconstant:1.1 - xlconstant_4
Adding cell -- xilinx.com:ip:axi_gpio:2.0 - axi_gpio_ctrl_out
Adding cell -- xilinx.com:module_ref:camera_capture:1.0 - camera_capture_0
Adding cell -- xilinx.com:module_ref:gpio_splitter:1.0 - gpio_splitter_0
Adding cell -- xilinx.com:ip:axi_gpio:2.0 - axi_gpio_input
Adding cell -- xilinx.com:module_ref:gpio_input_splitter:1.0 - gpio_input_splitter_0
Adding cell -- xilinx.com:ip:xlconstant:1.1 - xlconstant_1
Adding cell -- xilinx.com:user:PWM_Generator_v1_0:1.0 - PWM_Generator_v1_0_0
Successfully read diagram <design_1> from BD file <D:/OV7670-master_compress_snapshot0327E2/OV7670-master_compress/OV7670-master/OV7670-master/OV7670/ov7670.srcs/sources_1/bd/design_1/design_1.bd>
open_bd_design: Time (s): cpu = 00:00:10 ; elapsed = 00:00:09 . Memory (MB): peak = 1470.949 ; gain = 0.000
exit
INFO: [Common 17-206] Exiting Vivado at Wed Apr 12 18:23:51 2023...
