
*** Running vivado
    with args -log design_1_PWM_Generator_v1_0_0_0.vds -m64 -product Vivado -mode batch -messageDb vivado.pb -notrace -source design_1_PWM_Generator_v1_0_0_0.tcl


****** Vivado v2018.3 (64-bit)
  **** SW Build 2405991 on Thu Dec  6 23:38:27 MST 2018
  **** IP Build 2404404 on Fri Dec  7 01:43:56 MST 2018
    ** Copyright 1986-2018 Xilinx, Inc. All Rights Reserved.

source design_1_PWM_Generator_v1_0_0_0.tcl -notrace
INFO: [IP_Flow 19-234] Refreshing IP repositories
WARNING: [IP_Flow 19-2248] Failed to load user IP repository 'd:/My_IP2'; Can't find the specified path.
If this directory should no longer be in your list of user repositories, go to the IP Settings dialog and remove it.
INFO: [IP_Flow 19-1700] Loaded user IP repository 'd:/Pulse-Width-Modulation-IP-master'.
INFO: [IP_Flow 19-2313] Loaded Vivado IP repository 'D:/7788/VIVADO/Vivado/2018.3/data/ip'.
WARNING: [IP_Flow 19-4995] The host OS only allows 260 characters in a normal path. The IP cache path is more than 80 characters. If you experience issues with IP caching, please consider changing the IP cache to a location with a shorter path. Alternately consider using the OS subst command to map part of the path to a drive letter. 
Current IP cache path is d:/OV7670-master_compress_snapshot0327E2/OV7670-master_compress/OV7670-master/OV7670-master/OV7670/ov7670.cache/ip 
Command: synth_design -top design_1_PWM_Generator_v1_0_0_0 -part xc7a100tcsg324-1 -mode out_of_context
Starting synth_design
Attempting to get a license for feature 'Synthesis' and/or device 'xc7a100t'
INFO: [Common 17-349] Got license for feature 'Synthesis' and/or device 'xc7a100t'
INFO: Launching helper process for spawning children vivado processes
INFO: Helper process launched with PID 21000 
---------------------------------------------------------------------------------
Starting RTL Elaboration : Time (s): cpu = 00:00:02 ; elapsed = 00:00:03 . Memory (MB): peak = 419.430 ; gain = 101.750
---------------------------------------------------------------------------------
INFO: [Synth 8-6157] synthesizing module 'design_1_PWM_Generator_v1_0_0_0' [d:/OV7670-master_compress_snapshot0327E2/OV7670-master_compress/OV7670-master/OV7670-master/OV7670/ov7670.srcs/sources_1/bd/design_1/ip/design_1_PWM_Generator_v1_0_0_0/synth/design_1_PWM_Generator_v1_0_0_0.v:58]
INFO: [Synth 8-6157] synthesizing module 'PWM_Generator_v1_0' [d:/OV7670-master_compress_snapshot0327E2/OV7670-master_compress/OV7670-master/OV7670-master/OV7670/ov7670.srcs/sources_1/bd/design_1/ipshared/ef74/HDL/PWM_Generator_v1_0.v:4]
	Parameter C_S_AXI_DATA_WIDTH bound to: 32 - type: integer 
	Parameter C_S_AXI_ADDR_WIDTH bound to: 4 - type: integer 
INFO: [Synth 8-6157] synthesizing module 'PWM_Generator_v1_0_S_AXI' [d:/OV7670-master_compress_snapshot0327E2/OV7670-master_compress/OV7670-master/OV7670-master/OV7670/ov7670.srcs/sources_1/bd/design_1/ipshared/ef74/HDL/PWM_Generator_v1_0_S_AXI.v:4]
	Parameter C_S_AXI_DATA_WIDTH bound to: 32 - type: integer 
	Parameter C_S_AXI_ADDR_WIDTH bound to: 4 - type: integer 
	Parameter ADDR_LSB bound to: 2 - type: integer 
	Parameter OPT_MEM_ADDR_BITS bound to: 1 - type: integer 
INFO: [Synth 8-226] default block is never used [d:/OV7670-master_compress_snapshot0327E2/OV7670-master_compress/OV7670-master/OV7670-master/OV7670/ov7670.srcs/sources_1/bd/design_1/ipshared/ef74/HDL/PWM_Generator_v1_0_S_AXI.v:223]
INFO: [Synth 8-226] default block is never used [d:/OV7670-master_compress_snapshot0327E2/OV7670-master_compress/OV7670-master/OV7670-master/OV7670/ov7670.srcs/sources_1/bd/design_1/ipshared/ef74/HDL/PWM_Generator_v1_0_S_AXI.v:370]
INFO: [Synth 8-6157] synthesizing module 'pwm_gen' [d:/OV7670-master_compress_snapshot0327E2/OV7670-master_compress/OV7670-master/OV7670-master/OV7670/ov7670.srcs/sources_1/bd/design_1/ipshared/ef74/HDL/pwm_gen.v:5]
	Parameter WIDTH bound to: 32 - type: integer 
INFO: [Synth 8-6155] done synthesizing module 'pwm_gen' (1#1) [d:/OV7670-master_compress_snapshot0327E2/OV7670-master_compress/OV7670-master/OV7670-master/OV7670/ov7670.srcs/sources_1/bd/design_1/ipshared/ef74/HDL/pwm_gen.v:5]
INFO: [Synth 8-6155] done synthesizing module 'PWM_Generator_v1_0_S_AXI' (2#1) [d:/OV7670-master_compress_snapshot0327E2/OV7670-master_compress/OV7670-master/OV7670-master/OV7670/ov7670.srcs/sources_1/bd/design_1/ipshared/ef74/HDL/PWM_Generator_v1_0_S_AXI.v:4]
INFO: [Synth 8-6155] done synthesizing module 'PWM_Generator_v1_0' (3#1) [d:/OV7670-master_compress_snapshot0327E2/OV7670-master_compress/OV7670-master/OV7670-master/OV7670/ov7670.srcs/sources_1/bd/design_1/ipshared/ef74/HDL/PWM_Generator_v1_0.v:4]
INFO: [Synth 8-6155] done synthesizing module 'design_1_PWM_Generator_v1_0_0_0' (4#1) [d:/OV7670-master_compress_snapshot0327E2/OV7670-master_compress/OV7670-master/OV7670-master/OV7670/ov7670.srcs/sources_1/bd/design_1/ip/design_1_PWM_Generator_v1_0_0_0/synth/design_1_PWM_Generator_v1_0_0_0.v:58]
WARNING: [Synth 8-3331] design PWM_Generator_v1_0_S_AXI has unconnected port S_AXI_AWPROT[2]
WARNING: [Synth 8-3331] design PWM_Generator_v1_0_S_AXI has unconnected port S_AXI_AWPROT[1]
WARNING: [Synth 8-3331] design PWM_Generator_v1_0_S_AXI has unconnected port S_AXI_AWPROT[0]
WARNING: [Synth 8-3331] design PWM_Generator_v1_0_S_AXI has unconnected port S_AXI_ARPROT[2]
WARNING: [Synth 8-3331] design PWM_Generator_v1_0_S_AXI has unconnected port S_AXI_ARPROT[1]
WARNING: [Synth 8-3331] design PWM_Generator_v1_0_S_AXI has unconnected port S_AXI_ARPROT[0]
---------------------------------------------------------------------------------
Finished RTL Elaboration : Time (s): cpu = 00:00:03 ; elapsed = 00:00:04 . Memory (MB): peak = 475.438 ; gain = 157.758
---------------------------------------------------------------------------------

Report Check Netlist: 
+------+------------------+-------+---------+-------+------------------+
|      |Item              |Errors |Warnings |Status |Description       |
+------+------------------+-------+---------+-------+------------------+
|1     |multi_driven_nets |      0|        0|Passed |Multi driven nets |
+------+------------------+-------+---------+-------+------------------+
---------------------------------------------------------------------------------
Start Handling Custom Attributes
---------------------------------------------------------------------------------
---------------------------------------------------------------------------------
Finished Handling Custom Attributes : Time (s): cpu = 00:00:03 ; elapsed = 00:00:04 . Memory (MB): peak = 475.438 ; gain = 157.758
---------------------------------------------------------------------------------
---------------------------------------------------------------------------------
Finished RTL Optimization Phase 1 : Time (s): cpu = 00:00:03 ; elapsed = 00:00:04 . Memory (MB): peak = 475.438 ; gain = 157.758
---------------------------------------------------------------------------------
INFO: [Device 21-403] Loading part xc7a100tcsg324-1
INFO: [Project 1-570] Preparing netlist for logic optimization

Processing XDC Constraints
Initializing timing engine
Completed Processing XDC Constraints

Netlist sorting complete. Time (s): cpu = 00:00:01 ; elapsed = 00:00:00.001 . Memory (MB): peak = 806.707 ; gain = 0.000
INFO: [Project 1-111] Unisim Transformation Summary:
No Unisim elements were transformed.

Netlist sorting complete. Time (s): cpu = 00:00:00 ; elapsed = 00:00:00 . Memory (MB): peak = 806.707 ; gain = 0.000
WARNING: [Constraints 18-5210] No constraints selected for write.
Resolution: This message can indicate that there are no constraints for the design, or it can indicate that the used_in flags are set such that the constraints are ignored. This later case is used when running synth_design to not write synthesis constraints to the resulting checkpoint. Instead, project constraints are read when the synthesized design is opened.
Constraint Validation Runtime : Time (s): cpu = 00:00:00 ; elapsed = 00:00:00.079 . Memory (MB): peak = 809.176 ; gain = 2.469
---------------------------------------------------------------------------------
Finished Constraint Validation : Time (s): cpu = 00:00:10 ; elapsed = 00:00:12 . Memory (MB): peak = 809.176 ; gain = 491.496
---------------------------------------------------------------------------------
---------------------------------------------------------------------------------
Start Loading Part and Timing Information
---------------------------------------------------------------------------------
Loading part: xc7a100tcsg324-1
---------------------------------------------------------------------------------
Finished Loading Part and Timing Information : Time (s): cpu = 00:00:10 ; elapsed = 00:00:12 . Memory (MB): peak = 809.176 ; gain = 491.496
---------------------------------------------------------------------------------
---------------------------------------------------------------------------------
Start Applying 'set_property' XDC Constraints
---------------------------------------------------------------------------------
---------------------------------------------------------------------------------
Finished applying 'set_property' XDC Constraints : Time (s): cpu = 00:00:10 ; elapsed = 00:00:12 . Memory (MB): peak = 809.176 ; gain = 491.496
---------------------------------------------------------------------------------
---------------------------------------------------------------------------------
Finished RTL Optimization Phase 2 : Time (s): cpu = 00:00:10 ; elapsed = 00:00:12 . Memory (MB): peak = 809.176 ; gain = 491.496
---------------------------------------------------------------------------------

Report RTL Partitions: 
+-+--------------+------------+----------+
| |RTL Partition |Replication |Instances |
+-+--------------+------------+----------+
+-+--------------+------------+----------+
---------------------------------------------------------------------------------
Start RTL Component Statistics 
---------------------------------------------------------------------------------
Detailed RTL Component Info : 
+---Registers : 
	               32 Bit    Registers := 5     
	                4 Bit    Registers := 2     
	                2 Bit    Registers := 2     
	                1 Bit    Registers := 7     
+---Muxes : 
	   2 Input     32 Bit        Muxes := 4     
	   4 Input     32 Bit        Muxes := 5     
	   2 Input      1 Bit        Muxes := 6     
	   3 Input      1 Bit        Muxes := 4     
---------------------------------------------------------------------------------
Finished RTL Component Statistics 
---------------------------------------------------------------------------------
---------------------------------------------------------------------------------
Start RTL Hierarchical Component Statistics 
---------------------------------------------------------------------------------
Hierarchical RTL Component report 
Module pwm_gen 
Detailed RTL Component Info : 
+---Registers : 
	                1 Bit    Registers := 1     
+---Muxes : 
	   2 Input      1 Bit        Muxes := 1     
	   3 Input      1 Bit        Muxes := 2     
Module PWM_Generator_v1_0_S_AXI 
Detailed RTL Component Info : 
+---Registers : 
	               32 Bit    Registers := 5     
	                4 Bit    Registers := 2     
	                2 Bit    Registers := 2     
	                1 Bit    Registers := 5     
+---Muxes : 
	   2 Input     32 Bit        Muxes := 4     
	   4 Input     32 Bit        Muxes := 5     
	   2 Input      1 Bit        Muxes := 4     
---------------------------------------------------------------------------------
Finished RTL Hierarchical Component Statistics
---------------------------------------------------------------------------------
---------------------------------------------------------------------------------
Start Part Resource Summary
---------------------------------------------------------------------------------
Part Resources:
DSPs: 240 (col length:80)
BRAMs: 270 (col length: RAMB18 80 RAMB36 40)
---------------------------------------------------------------------------------
Finished Part Resource Summary
---------------------------------------------------------------------------------
---------------------------------------------------------------------------------
Start Cross Boundary and Area Optimization
---------------------------------------------------------------------------------
Warning: Parallel synthesis criteria is not met 
WARNING: [Synth 8-3331] design design_1_PWM_Generator_v1_0_0_0 has unconnected port s_axi_awprot[2]
WARNING: [Synth 8-3331] design design_1_PWM_Generator_v1_0_0_0 has unconnected port s_axi_awprot[1]
WARNING: [Synth 8-3331] design design_1_PWM_Generator_v1_0_0_0 has unconnected port s_axi_awprot[0]
WARNING: [Synth 8-3331] design design_1_PWM_Generator_v1_0_0_0 has unconnected port s_axi_arprot[2]
WARNING: [Synth 8-3331] design design_1_PWM_Generator_v1_0_0_0 has unconnected port s_axi_arprot[1]
WARNING: [Synth 8-3331] design design_1_PWM_Generator_v1_0_0_0 has unconnected port s_axi_arprot[0]
INFO: [Synth 8-3886] merging instance 'inst/PWM_Generator_v1_0_S_AXI_inst/axi_rresp_reg[0]' (FDRE) to 'inst/PWM_Generator_v1_0_S_AXI_inst/axi_rresp_reg[1]'
INFO: [Synth 8-3333] propagating constant 0 across sequential element (\inst/PWM_Generator_v1_0_S_AXI_inst/axi_rresp_reg[1] )
INFO: [Synth 8-3886] merging instance 'inst/PWM_Generator_v1_0_S_AXI_inst/axi_bresp_reg[0]' (FDRE) to 'inst/PWM_Generator_v1_0_S_AXI_inst/axi_bresp_reg[1]'
INFO: [Synth 8-3333] propagating constant 0 across sequential element (\inst/PWM_Generator_v1_0_S_AXI_inst/axi_bresp_reg[1] )
---------------------------------------------------------------------------------
Finished Cross Boundary and Area Optimization : Time (s): cpu = 00:00:15 ; elapsed = 00:00:17 . Memory (MB): peak = 809.176 ; gain = 491.496
---------------------------------------------------------------------------------

Report RTL Partitions: 
+-+--------------+------------+----------+
| |RTL Partition |Replication |Instances |
+-+--------------+------------+----------+
+-+--------------+------------+----------+
---------------------------------------------------------------------------------
Start Applying XDC Timing Constraints
---------------------------------------------------------------------------------
---------------------------------------------------------------------------------
Finished Applying XDC Timing Constraints : Time (s): cpu = 00:00:22 ; elapsed = 00:00:24 . Memory (MB): peak = 809.176 ; gain = 491.496
---------------------------------------------------------------------------------
---------------------------------------------------------------------------------
Start Timing Optimization
---------------------------------------------------------------------------------
---------------------------------------------------------------------------------
Finished Timing Optimization : Time (s): cpu = 00:00:22 ; elapsed = 00:00:24 . Memory (MB): peak = 809.176 ; gain = 491.496
---------------------------------------------------------------------------------

Report RTL Partitions: 
+-+--------------+------------+----------+
| |RTL Partition |Replication |Instances |
+-+--------------+------------+----------+
+-+--------------+------------+----------+
---------------------------------------------------------------------------------
Start Technology Mapping
---------------------------------------------------------------------------------
---------------------------------------------------------------------------------
Finished Technology Mapping : Time (s): cpu = 00:00:22 ; elapsed = 00:00:24 . Memory (MB): peak = 820.484 ; gain = 502.805
---------------------------------------------------------------------------------

Report RTL Partitions: 
+-+--------------+------------+----------+
| |RTL Partition |Replication |Instances |
+-+--------------+------------+----------+
+-+--------------+------------+----------+
---------------------------------------------------------------------------------
Start IO Insertion
---------------------------------------------------------------------------------
---------------------------------------------------------------------------------
Start Flattening Before IO Insertion
---------------------------------------------------------------------------------
---------------------------------------------------------------------------------
Finished Flattening Before IO Insertion
---------------------------------------------------------------------------------
---------------------------------------------------------------------------------
Start Final Netlist Cleanup
---------------------------------------------------------------------------------
---------------------------------------------------------------------------------
Finished Final Netlist Cleanup
---------------------------------------------------------------------------------
---------------------------------------------------------------------------------
Finished IO Insertion : Time (s): cpu = 00:00:23 ; elapsed = 00:00:25 . Memory (MB): peak = 820.484 ; gain = 502.805
---------------------------------------------------------------------------------

Report Check Netlist: 
+------+------------------+-------+---------+-------+------------------+
|      |Item              |Errors |Warnings |Status |Description       |
+------+------------------+-------+---------+-------+------------------+
|1     |multi_driven_nets |      0|        0|Passed |Multi driven nets |
+------+------------------+-------+---------+-------+------------------+
---------------------------------------------------------------------------------
Start Renaming Generated Instances
---------------------------------------------------------------------------------
---------------------------------------------------------------------------------
Finished Renaming Generated Instances : Time (s): cpu = 00:00:23 ; elapsed = 00:00:25 . Memory (MB): peak = 820.484 ; gain = 502.805
---------------------------------------------------------------------------------

Report RTL Partitions: 
+-+--------------+------------+----------+
| |RTL Partition |Replication |Instances |
+-+--------------+------------+----------+
+-+--------------+------------+----------+
---------------------------------------------------------------------------------
Start Rebuilding User Hierarchy
---------------------------------------------------------------------------------
---------------------------------------------------------------------------------
Finished Rebuilding User Hierarchy : Time (s): cpu = 00:00:23 ; elapsed = 00:00:25 . Memory (MB): peak = 820.484 ; gain = 502.805
---------------------------------------------------------------------------------
---------------------------------------------------------------------------------
Start Renaming Generated Ports
---------------------------------------------------------------------------------
---------------------------------------------------------------------------------
Finished Renaming Generated Ports : Time (s): cpu = 00:00:23 ; elapsed = 00:00:25 . Memory (MB): peak = 820.484 ; gain = 502.805
---------------------------------------------------------------------------------
---------------------------------------------------------------------------------
Start Handling Custom Attributes
---------------------------------------------------------------------------------
---------------------------------------------------------------------------------
Finished Handling Custom Attributes : Time (s): cpu = 00:00:23 ; elapsed = 00:00:25 . Memory (MB): peak = 820.484 ; gain = 502.805
---------------------------------------------------------------------------------
---------------------------------------------------------------------------------
Start Renaming Generated Nets
---------------------------------------------------------------------------------
---------------------------------------------------------------------------------
Finished Renaming Generated Nets : Time (s): cpu = 00:00:23 ; elapsed = 00:00:25 . Memory (MB): peak = 820.484 ; gain = 502.805
---------------------------------------------------------------------------------
---------------------------------------------------------------------------------
Start Writing Synthesis Report
---------------------------------------------------------------------------------

Report BlackBoxes: 
+-+--------------+----------+
| |BlackBox name |Instances |
+-+--------------+----------+
+-+--------------+----------+

Report Cell Usage: 
+------+-------+------+
|      |Cell   |Count |
+------+-------+------+
|1     |CARRY4 |    24|
|2     |LUT1   |     3|
|3     |LUT2   |     1|
|4     |LUT3   |     9|
|5     |LUT4   |   114|
|6     |LUT5   |    18|
|7     |LUT6   |    41|
|8     |FDRE   |   235|
+------+-------+------+

Report Instance Areas: 
+------+----------------------------------+-------------------------+------+
|      |Instance                          |Module                   |Cells |
+------+----------------------------------+-------------------------+------+
|1     |top                               |                         |   445|
|2     |  inst                            |PWM_Generator_v1_0       |   445|
|3     |    PWM_Generator_v1_0_S_AXI_inst |PWM_Generator_v1_0_S_AXI |   445|
|4     |      pwm_left                    |pwm_gen                  |   108|
|5     |      pwm_right                   |pwm_gen_0                |   108|
+------+----------------------------------+-------------------------+------+
---------------------------------------------------------------------------------
Finished Writing Synthesis Report : Time (s): cpu = 00:00:23 ; elapsed = 00:00:25 . Memory (MB): peak = 820.484 ; gain = 502.805
---------------------------------------------------------------------------------
Synthesis finished with 0 errors, 0 critical warnings and 6 warnings.
Synthesis Optimization Runtime : Time (s): cpu = 00:00:15 ; elapsed = 00:00:20 . Memory (MB): peak = 820.484 ; gain = 169.066
Synthesis Optimization Complete : Time (s): cpu = 00:00:23 ; elapsed = 00:00:25 . Memory (MB): peak = 820.484 ; gain = 502.805
INFO: [Project 1-571] Translating synthesized netlist
INFO: [Netlist 29-17] Analyzing 24 Unisim elements for replacement
INFO: [Netlist 29-28] Unisim Transformation completed in 0 CPU seconds
INFO: [Project 1-570] Preparing netlist for logic optimization
INFO: [Opt 31-138] Pushed 0 inverter(s) to 0 load pin(s).
Netlist sorting complete. Time (s): cpu = 00:00:00 ; elapsed = 00:00:00 . Memory (MB): peak = 828.770 ; gain = 0.000
INFO: [Project 1-111] Unisim Transformation Summary:
No Unisim elements were transformed.

INFO: [Common 17-83] Releasing license: Synthesis
28 Infos, 15 Warnings, 0 Critical Warnings and 0 Errors encountered.
synth_design completed successfully
synth_design: Time (s): cpu = 00:00:25 ; elapsed = 00:00:28 . Memory (MB): peak = 828.770 ; gain = 522.594
Netlist sorting complete. Time (s): cpu = 00:00:00 ; elapsed = 00:00:00 . Memory (MB): peak = 828.770 ; gain = 0.000
WARNING: [Constraints 18-5210] No constraints selected for write.
Resolution: This message can indicate that there are no constraints for the design, or it can indicate that the used_in flags are set such that the constraints are ignored. This later case is used when running synth_design to not write synthesis constraints to the resulting checkpoint. Instead, project constraints are read when the synthesized design is opened.
INFO: [Common 17-1381] The checkpoint 'D:/OV7670-master_compress_snapshot0327E2/OV7670-master_compress/OV7670-master/OV7670-master/OV7670/ov7670.runs/design_1_PWM_Generator_v1_0_0_0_synth_1/design_1_PWM_Generator_v1_0_0_0.dcp' has been generated.
INFO: [Coretcl 2-1648] Added synthesis output to IP cache for IP design_1_PWM_Generator_v1_0_0_0, cache-ID = 540419c5cb18e77c
INFO: [Coretcl 2-1174] Renamed 4 cell refs.
Netlist sorting complete. Time (s): cpu = 00:00:00 ; elapsed = 00:00:00 . Memory (MB): peak = 828.770 ; gain = 0.000
WARNING: [Constraints 18-5210] No constraints selected for write.
Resolution: This message can indicate that there are no constraints for the design, or it can indicate that the used_in flags are set such that the constraints are ignored. This later case is used when running synth_design to not write synthesis constraints to the resulting checkpoint. Instead, project constraints are read when the synthesized design is opened.
INFO: [Common 17-1381] The checkpoint 'D:/OV7670-master_compress_snapshot0327E2/OV7670-master_compress/OV7670-master/OV7670-master/OV7670/ov7670.runs/design_1_PWM_Generator_v1_0_0_0_synth_1/design_1_PWM_Generator_v1_0_0_0.dcp' has been generated.
INFO: [runtcl-4] Executing : report_utilization -file design_1_PWM_Generator_v1_0_0_0_utilization_synth.rpt -pb design_1_PWM_Generator_v1_0_0_0_utilization_synth.pb
INFO: [Common 17-206] Exiting Vivado at Mon Mar 27 14:52:28 2023...
